<?xml version="1.0" encoding="UTF-8"?>
<!-- Generated by org.testng.reporters.JUnitReportReporter -->
<testsuite hostname="AXEL-HP" failures="0" tests="3" name="testNG.Anotaciones" time="0.015" errors="0" timestamp="2020-12-21T20:33:01 ART" skipped="0">
  <testcase classname="testNG.Anotaciones" name="metodo_b" time="0.003"/>
  <system-out/>
  <testcase classname="testNG.Anotaciones" name="metodo_c" time="0.003"/>
  <system-out/>
  <testcase classname="testNG.Anotaciones" name="metodo_a" time="0.009"/>
  <system-out/>
</testsuite> <!-- testNG.Anotaciones -->
