<?xml version="1.0" encoding="UTF-8"?>
<!-- Generated by org.testng.reporters.JUnitReportReporter -->
<testsuite hostname="AXEL-HP" failures="0" tests="4" name="testNG.Grupo1" time="0.026" errors="0" timestamp="2020-12-23T20:17:56 ART" skipped="0">
  <testcase classname="testNG.Grupo1" name="metodo_c" time="0.002"/>
  <system-out/>
  <testcase classname="testNG.Grupo1" name="metodo_a" time="0.005"/>
  <system-out/>
  <testcase classname="testNG.Grupo1" name="metodo_b" time="0.004"/>
  <system-out/>
  <testcase classname="testNG.Grupo1" name="metodo_a" time="0.015"/>
  <system-out/>
</testsuite> <!-- testNG.Grupo1 -->
