<?xml version="1.0" encoding="UTF-8"?>
<!-- Generated by org.testng.reporters.JUnitReportReporter -->
<testsuite hostname="AXEL-HP" failures="0" tests="3" name="testNG.OtraPrueba" time="4.850" errors="0" timestamp="2020-12-19T20:53:37 ART" skipped="0">
  <testcase classname="testNG.OtraPrueba" name="verificarTituloLandingPage" time="0.816"/>
  <system-out/>
  <testcase classname="testNG.OtraPrueba" name="register" time="2.181"/>
  <system-out/>
  <testcase classname="testNG.OtraPrueba" name="support" time="1.853"/>
  <system-out/>
</testsuite> <!-- testNG.OtraPrueba -->
