<?xml version="1.0" encoding="UTF-8"?>
<!-- Generated by org.testng.reporters.JUnitReportReporter -->
<testsuite hostname="AXEL-HP" failures="0" tests="12" name="testNG.ParametrizacionByITestContext" time="11.384" errors="0" timestamp="2020-12-28T18:34:21 ART" skipped="4">
  <testcase classname="testNG.ParametrizacionByITestContext" name="busquedasuarioContraseniaB" time="1.763"/>
  <system-out/>
  <testcase classname="testNG.ParametrizacionByITestContext" name="busquedasuarioContraseniaA" time="1.537"/>
  <system-out/>
  <testcase classname="testNG.ParametrizacionByITestContext" name="busquedasuarioContraseniaA" time="1.445"/>
  <system-out/>
  <testcase classname="testNG.ParametrizacionByITestContext" name="busquedasuarioContraseniaB" time="1.188"/>
  <system-out/>
  <testcase classname="testNG.ParametrizacionByITestContext" name="busquedasuarioContraseniaB" time="1.431"/>
  <system-out/>
  <testcase classname="testNG.ParametrizacionByITestContext" name="busquedasuarioContraseniaA" time="1.362"/>
  <system-out/>
  <testcase classname="testNG.ParametrizacionByITestContext" name="busquedasuarioContraseniaA" time="1.282"/>
  <system-out/>
  <testcase classname="testNG.ParametrizacionByITestContext" name="busquedasuarioContraseniaB" time="1.376"/>
  <system-out/>
  <testcase classname="testNG.ParametrizacionByITestContext" name="busquedaB">
    <skipped/>
  </testcase> <!-- busquedaB -->
  <system-out/>
  <testcase classname="testNG.ParametrizacionByITestContext" name="busquedaB">
    <skipped/>
  </testcase> <!-- busquedaB -->
  <system-out/>
  <testcase classname="testNG.ParametrizacionByITestContext" name="busquedaA">
    <skipped/>
  </testcase> <!-- busquedaA -->
  <system-out/>
  <testcase classname="testNG.ParametrizacionByITestContext" name="busquedaA">
    <skipped/>
  </testcase> <!-- busquedaA -->
  <system-out/>
</testsuite> <!-- testNG.ParametrizacionByITestContext -->
