<?xml version="1.0" encoding="UTF-8"?>
<!-- Generated by org.testng.reporters.JUnitReportReporter -->
<testsuite hostname="AXEL-HP" failures="0" tests="9" name="testNG.Parametrizacion" time="10.121" errors="0" timestamp="2020-12-21T21:51:17 ART" skipped="1">
  <testcase classname="testNG.Parametrizacion" name="busquedaDesdeClase" time="1.229"/>
  <system-out/>
  <testcase classname="testNG.Parametrizacion" name="busquedaDesdeClase" time="1.288"/>
  <system-out/>
  <testcase classname="testNG.Parametrizacion" name="busquedaDesdeClaseConMetodo" time="1.188"/>
  <system-out/>
  <testcase classname="testNG.Parametrizacion" name="busquedaDesdeClaseConMetodo" time="1.219"/>
  <system-out/>
  <testcase classname="testNG.Parametrizacion" name="busquedaDesdeClaseConMetodo" time="1.177"/>
  <system-out/>
  <testcase classname="testNG.Parametrizacion" name="busquedaDesdeClase" time="1.330"/>
  <system-out/>
  <testcase classname="testNG.Parametrizacion" name="busquedaDesdeClase" time="1.440"/>
  <system-out/>
  <testcase classname="testNG.Parametrizacion" name="busquedaDesdeClaseConMetodo" time="1.250"/>
  <system-out/>
  <testcase classname="testNG.Parametrizacion" name="busqueda">
    <skipped/>
  </testcase> <!-- busqueda -->
  <system-out/>
</testsuite> <!-- testNG.Parametrizacion -->
