<?xml version="1.0" encoding="UTF-8"?>
<!-- Generated by org.testng.reporters.JUnitReportReporter -->
<testsuite hostname="AXEL-HP" failures="0" tests="4" name="testNG.Grupo2" time="0.010" errors="0" timestamp="2020-12-23T20:17:56 ART" skipped="0">
  <testcase classname="testNG.Grupo2" name="metodo_b" time="0.002"/>
  <system-out/>
  <testcase classname="testNG.Grupo2" name="metodo_a" time="0.002"/>
  <system-out/>
  <testcase classname="testNG.Grupo2" name="metodo_a" time="0.003"/>
  <system-out/>
  <testcase classname="testNG.Grupo2" name="metodo_c" time="0.003"/>
  <system-out/>
</testsuite> <!-- testNG.Grupo2 -->
