<?xml version="1.0" encoding="UTF-8"?>
<!-- Generated by org.testng.reporters.JUnitReportReporter -->
<testsuite hostname="AXEL-HP" failures="0" tests="1" name="gruposTestNG.Personal_loan" time="0.013" errors="0" timestamp="2020-12-22T18:04:29 ART" skipped="0">
  <testcase classname="gruposTestNG.Personal_loan" name="WebLoginPersonalLoan" time="0.013"/>
  <system-out/>
</testsuite> <!-- gruposTestNG.Personal_loan -->
