<?xml version="1.0" encoding="UTF-8"?>
<!-- Generated by org.testng.reporters.JUnitReportReporter -->
<testsuite hostname="AXEL-HP" failures="0" tests="3" name="testNG.OtraPrueba" time="1.815" errors="0" timestamp="2020-12-23T20:56:22 ART" skipped="0">
  <testcase classname="testNG.OtraPrueba" name="verificarBoton1" time="0.185"/>
  <system-out/>
  <testcase classname="testNG.OtraPrueba" name="verificarBoton2" time="0.827"/>
  <system-out/>
  <testcase classname="testNG.OtraPrueba" name="verificarBoton3" time="0.803"/>
  <system-out/>
</testsuite> <!-- testNG.OtraPrueba -->
