<?xml version="1.0" encoding="UTF-8"?>
<!-- Generated by org.testng.reporters.JUnitReportReporter -->
<testsuite hostname="AXEL-HP" failures="0" tests="1" name="casosReales.Omayo" time="0.015" errors="0" timestamp="2020-12-30T15:27:39 ART" skipped="0">
  <testcase classname="casosReales.Omayo" name="pruebaA" time="0.015"/>
  <system-out/>
</testsuite> <!-- casosReales.Omayo -->
