<?xml version="1.0" encoding="UTF-8"?>
<!-- Generated by org.testng.reporters.JUnitReportReporter -->
<testsuite hostname="AXEL-HP" failures="0" tests="12" name="testNG.ParametrizacionByITestContext" time="9.932" errors="0" timestamp="2020-12-28T11:36:49 ART" skipped="4">
  <testcase classname="testNG.ParametrizacionByITestContext" name="busquedasuarioContraseniaA" time="1.194"/>
  <system-out/>
  <testcase classname="testNG.ParametrizacionByITestContext" name="busquedasuarioContraseniaA" time="1.359"/>
  <system-out/>
  <testcase classname="testNG.ParametrizacionByITestContext" name="busquedasuarioContraseniaA" time="1.200"/>
  <system-out/>
  <testcase classname="testNG.ParametrizacionByITestContext" name="busquedasuarioContraseniaB" time="1.213"/>
  <system-out/>
  <testcase classname="testNG.ParametrizacionByITestContext" name="busquedasuarioContraseniaB" time="1.238"/>
  <system-out/>
  <testcase classname="testNG.ParametrizacionByITestContext" name="busquedasuarioContraseniaB" time="1.286"/>
  <system-out/>
  <testcase classname="testNG.ParametrizacionByITestContext" name="busquedasuarioContraseniaB" time="1.225"/>
  <system-out/>
  <testcase classname="testNG.ParametrizacionByITestContext" name="busquedasuarioContraseniaA" time="1.217"/>
  <system-out/>
  <testcase classname="testNG.ParametrizacionByITestContext" name="busquedaB">
    <skipped/>
  </testcase> <!-- busquedaB -->
  <system-out/>
  <testcase classname="testNG.ParametrizacionByITestContext" name="busquedaB">
    <skipped/>
  </testcase> <!-- busquedaB -->
  <system-out/>
  <testcase classname="testNG.ParametrizacionByITestContext" name="busquedaA">
    <skipped/>
  </testcase> <!-- busquedaA -->
  <system-out/>
  <testcase classname="testNG.ParametrizacionByITestContext" name="busquedaA">
    <skipped/>
  </testcase> <!-- busquedaA -->
  <system-out/>
</testsuite> <!-- testNG.ParametrizacionByITestContext -->
