<?xml version="1.0" encoding="UTF-8"?>
<!-- Generated by org.testng.reporters.JUnitReportReporter -->
<testsuite hostname="AXEL-HP" failures="0" tests="6" name="testNG.Parametrizacion" time="5.166" errors="0" timestamp="2020-12-28T11:14:07 ART" skipped="2">
  <testcase classname="testNG.Parametrizacion" name="busqueda" time="1.198"/>
  <system-out/>
  <testcase classname="testNG.Parametrizacion" name="busqueda" time="1.309"/>
  <system-out/>
  <testcase classname="testNG.Parametrizacion" name="busqueda" time="1.229"/>
  <system-out/>
  <testcase classname="testNG.Parametrizacion" name="busqueda" time="1.430"/>
  <system-out/>
  <testcase classname="testNG.Parametrizacion" name="busquedaDesdeClase">
    <skipped/>
  </testcase> <!-- busquedaDesdeClase -->
  <system-out/>
  <testcase classname="testNG.Parametrizacion" name="busquedaDesdeClaseConMetodo">
    <skipped/>
  </testcase> <!-- busquedaDesdeClaseConMetodo -->
  <system-out/>
</testsuite> <!-- testNG.Parametrizacion -->
