<?xml version="1.0" encoding="UTF-8"?>
<!-- Generated by org.testng.reporters.JUnitReportReporter -->
<testsuite hostname="AXEL-HP" failures="0" tests="2" name="testNG.inyeccionJavaScript" time="5.163" errors="0" timestamp="2020-12-28T14:15:51 ART" skipped="0">
  <testcase classname="testNG.inyeccionJavaScript" name="irBotonRegister" time="1.541"/>
  <system-out/>
  <testcase classname="testNG.inyeccionJavaScript" name="llenarFormulario" time="3.622"/>
  <system-out/>
</testsuite> <!-- testNG.inyeccionJavaScript -->
