<?xml version="1.0" encoding="UTF-8"?>
<!-- Generated by org.testng.reporters.JUnitReportReporter -->
<testsuite hostname="AXEL-HP" failures="0" tests="1" name="testNG.PrimerPruebaTestNG" time="6.656" errors="0" timestamp="2020-12-19T19:43:22 ART" skipped="0">
  <testcase classname="testNG.PrimerPruebaTestNG" name="verifyHomepageTitle" time="6.656"/>
  <system-out/>
</testsuite> <!-- testNG.PrimerPruebaTestNG -->
