<?xml version="1.0" encoding="UTF-8"?>
<!-- Generated by org.testng.reporters.JUnitReportReporter -->
<testsuite hostname="AXEL-HP" failures="0" tests="1" name="testNG.Grupo2" time="0.012" errors="0" timestamp="2020-12-28T13:31:55 ART" skipped="0">
  <testcase classname="testNG.Grupo2" name="metodo_a" time="0.012"/>
  <system-out/>
</testsuite> <!-- testNG.Grupo2 -->
