<?xml version="1.0" encoding="UTF-8"?>
<!-- Generated by org.testng.reporters.JUnitReportReporter -->
<testsuite hostname="AXEL-HP" failures="0" tests="2" name="gruposTestNG.Home_loan" time="0.005" errors="0" timestamp="2020-12-22T18:04:29 ART" skipped="0">
  <testcase classname="gruposTestNG.Home_loan" name="APILoginHomeLoan" time="0.003"/>
  <system-out/>
  <testcase classname="gruposTestNG.Home_loan" name="MobileLoginHomeLoan" time="0.002"/>
  <system-out/>
</testsuite> <!-- gruposTestNG.Home_loan -->
